Set INTEL compilers as MPI wrappers backend
remove impi/2021.10.0 (PATH, MANPATH, LD_LIBRARY_PATH)
load impi/2021.10.0 (PATH, MANPATH, LD_LIBRARY_PATH)
remove mkl/2023.2.0 (LD_LIBRARY_PATH)
load mkl/2023.2.0 (LD_LIBRARY_PATH)
load FFTW/3.3.10 (LD_LIBRARY_PATH, LIBRARY_PATH, CPATH, C_INCLUDE_PATH, CPLUS_INCLUDE_PATH, PKG_CONFIG_PATH, FFTW_ROOT, FFTW_HOME)
load HDF5/1.14.1-2 (PATH, LD_LIBRARY_PATH, LIBRARY_PATH, C_INCLUDE_PATH, CPLUS_INCLUDE_PATH, HDF5_DIR, HDF5_ROOT,CFLAGS, CPPFLAGS, LDFLAGS)
load PNETCDF/1.12.3 (PATH, MANPATH, LD_LIBRARY_PATH, LIBRARY_PATH, PKG_CONFIG_PATH, C_INCLUDE_PATH, CPLUS_INCLUDE_PATH)
load NETCDF/c-4.9.2_fortran-4.6.1_cxx4-4.3.1_hdf5-1.14.1-2_pnetcdf-1.12.3 (PATH, LD_LIBRARY_PATH, LIBRARY_PATH, PKG_CONFIG_PATH, C_INCLUDE_PATH, CPLUS_INCLUDE_PATH,
NETCDF_ROOT, NETCDF_DIR) 
Submitted batch job 25034605
Job ID 25034605
Nodetype: gp_debug; account: bsc32
Job status: Q
Job status: R
Job status: CG
Job status: 
JOB DISAPPEARED!
Job status: NONE
Results collected: results.25034605/
Rank 0 output: results.25034605/rank0
Batch system output: results.25034605/slurm-25034605.out
Psubmit wrapper output: results.25034605/psubmit_wrapper_output.25034605

--- Batch system output: ---
>>> PSUBMIT: PSUBMIT_JOBID=25034605 PSUBMIT_DIRNAME=/gpfs/home/bsc/bsc631248/bin
>>> PSUBMIT: args: -t slurm -n 1 -p 1 -h 1 -g 0 -d /gpfs/home/bsc/bsc631248/bin -s ifsMASTER.SP.CPU.GPP/ -e false -o ifsMASTER.SP.CPU.GPP//psubmit.opt -a 
>>> PSUBMIT: sbatch -J ifsnemo-basic-test --exclusive --time=10 --qos=gp_debug    --account=bsc32   -D /gpfs/projects/bsc32/bsc631248/ifsnc_remote_dir/ifsnemo-build/ifsnemo -N 1 -n 1 /gpfs/home/bsc/bsc631248/bin/psubmit-mpiexec-wrapper.sh -t slurm -n 1 -p 1 -h 1 -g 0 -d /gpfs/home/bsc/bsc631248/bin -s ifsMASTER.SP.CPU.GPP/  -e false -o ifsMASTER.SP.CPU.GPP//psubmit.opt -a "\"\""
Submitted batch job 25034605

--- Psubmit wrapper output: ---
>>> PSUBMIT: PWD=/gpfs/projects/bsc32/bsc631248/ifsnc_remote_dir/ifsnemo-build/ifsnemo
>>> PSUBMIT: INJOB_INIT_COMMANDS: "export LD_LIBRARY_PATH=lib:$LD_LIBRARY_PATH"
>>> PSUBMIT: Nodelist gs16r1b36:1
+ [hres:88s:14:41:22:5729]: du -sh .
89M	.
+ [hres:88s:14:41:22:5730]: [[ '' = '' ]]
+ [hres:88s:14:41:22:5733]: [[ 174 -eq 0 ]]
+ [hres:88s:14:41:22:5794]: set -x
+ [hres:88s:14:41:22:5795]: exit 174
        tm_1_CNT4: 0
>>> PSUBMIT: Exiting...

--- Rank 0 output: ---
MPI startup(): Warning: I_MPI_PMI_LIBRARY will be ignored since the hydra process manager was found
 &NAMIO
 NTASK_MULTIO    =           0,
 NTASK_XIOS      =           0
 /
MPL_INIT : MPL_COMM=1140850688 (non-default) , MPL_NUMPROC=1
MPL_INIT : MPL_METHOD=JP_BLOCKING_BUFFERED , MPL_MBX_SIZE=0
MPL_INIT : MPL_NCPU_PER_NODE = 1 (CAUTION: could not be inferred from hostname!)
MPL_BUFFER_METHOD:  1     1000000
(I) LOGGER RE-CONFIGURED BY IFS_INIT
